0.00, [DEBUG], logger, ROBOTS_CONFIG=[{"avg_speed": 0.15, "battery_charge": 1, "battery_discharge_rate": 0.0002, "id": 1, "local_plan": [["navigation", ["Respiratory Control", [[-38.0, 21.5, 0.0], [-37.0, 21.5], [-37, 36, 0.0]]], "navto"], ["send_message", ["Delivery1"], "notify_Delivery1_of_navto_completed"], ["navigation", ["IC Room 1", [[-37, 36, 0.0], [-37, 30, 0.0], [-37, 25, 0.0], [-37, 20, 0.0], [-37, 15, 0.0]]], "navto"], ["approach_object", ["human", "IC Room 1"], "approach-human"], ["send_message", ["Patient1"], "notify_Patient1_of_approach-human_completed"]], "location": "IC Room 2", "name": "turtlebot1", "position": [-38.0, 21.5, 0.0], "skills": ["approach_object", "approach_person", "approach_robot", "authenticate_person", "deposit", "manipulate_door", "navigation", "operate_drawer", "pick_up"]}]
0.00, [DEBUG], logger, NURSES_CONFIG=[{"label": "Patient1", "location": "PC Room 2", "position": [-20.0, 11.0, 1.57]}]
0.00, [DEBUG], logger, Simulation open
0.02, [DEBUG], logger, subcribing to in the topic /log
1.70, [DEBUG], None, [debug],turtlebot1,move-base-info,Move_base is up and ok....,
10.15, [DEBUG], turtlebot1, {"param_list": [], "skill": "init_robobt", "skill-life-cycle": "SUCCESS", "label": "init_robobt"}
10.15, [DEBUG], turtlebot1, "available-skills=['send_message', 'wait_message', 'approach_object', 'approach_person', 'approach_robot', 'authenticate_person', 'deposit', 'manipulate_door', 'navigation', 'operate_drawer', 'pick_up']"
10.17, [DEBUG], turtlebot1, {"param_list": ["Respiratory Control", [[-37.0, 21.5, 1.5707963267948966, true], [-37, 36, 0.0, false]]], "skill": "navigation", "skill-life-cycle": "STARTED", "label": "navto"}
25.65, [DEBUG], None, [debug],turtlebot1,move-base-info,Hooray, the base moved arrived,(x=-37;y=21.5)
25.65, [DEBUG], None, [debug],turtlebot1,move-base-info,Hooray, the base moved arrived,(x=-37;y=21.5)
25.70, [DEBUG], turtlebot1, {"status": "way-point-reached", "skill": "navigation", "percentage": "50.00%", "goingto": "Respiratory Control"}
37.68, [INFO], turtlebot1, {"y": "22.16", "x": "-37.21", "yaw": "1.07"}
37.68, [INFO], turtlebot1, {"y": "22.16", "x": "-37.21", "yaw": "1.07"}
37.70, [INFO], turtlebot1, {"battery-level": "99.74%"}
37.70, [INFO], turtlebot1, {"battery-level": "99.74%"}
52.68, [INFO], turtlebot1, {"y": "24.35", "x": "-36.94", "yaw": "1.59"}
52.68, [INFO], turtlebot1, {"y": "24.35", "x": "-36.94", "yaw": "1.59"}
52.68, [INFO], turtlebot1, {"battery-level": "99.42%"}
52.68, [INFO], turtlebot1, {"battery-level": "99.42%"}
57.42, [DEBUG], turtlebot1, {"param_list": ["Respiratory Control", [[-37.0, 21.5, 1.5707963267948966, true], [-37, 36, 0.0, false]]], "skill": "navigation", "skill-life-cycle": "RUNNING", "label": "navto"}
67.68, [INFO], turtlebot1, {"battery-level": "99.12%"}
67.68, [INFO], turtlebot1, {"battery-level": "99.12%"}
67.68, [INFO], turtlebot1, {"y": "26.77", "x": "-36.87", "yaw": "1.35"}
67.68, [INFO], turtlebot1, {"y": "26.77", "x": "-36.87", "yaw": "1.35"}
82.68, [INFO], turtlebot1, {"y": "29.37", "x": "-36.99", "yaw": "1.58"}
82.68, [INFO], turtlebot1, {"y": "29.37", "x": "-36.99", "yaw": "1.58"}
82.68, [INFO], turtlebot1, {"battery-level": "98.82%"}
82.68, [INFO], turtlebot1, {"battery-level": "98.82%"}
97.68, [INFO], turtlebot1, {"y": "32.03", "x": "-37.15", "yaw": "1.62"}
97.68, [INFO], turtlebot1, {"y": "32.03", "x": "-37.15", "yaw": "1.62"}
97.70, [INFO], turtlebot1, {"battery-level": "98.54%"}
97.70, [INFO], turtlebot1, {"battery-level": "98.54%"}
111.43, [DEBUG], turtlebot1, {"param_list": ["Respiratory Control", [[-37.0, 21.5, 1.5707963267948966, true], [-37, 36, 0.0, false]]], "skill": "navigation", "skill-life-cycle": "RUNNING", "label": "navto"}
112.68, [INFO], turtlebot1, {"battery-level": "98.24%"}
112.68, [INFO], turtlebot1, {"battery-level": "98.24%"}
112.70, [INFO], turtlebot1, {"y": "34.69", "x": "-37.32", "yaw": "1.63"}
112.70, [INFO], turtlebot1, {"y": "34.69", "x": "-37.32", "yaw": "1.63"}
122.62, [DEBUG], None, [debug],turtlebot1,move-base-info,Hooray, the base moved arrived,(x=-37;y=36)
122.62, [DEBUG], None, [debug],turtlebot1,move-base-info,Hooray, the base moved arrived,(x=-37;y=36)
122.77, [DEBUG], turtlebot1, {"status": "way-point-reached", "skill": "navigation", "percentage": "100.00%", "goingto": "Respiratory Control"}
122.85, [DEBUG], turtlebot1, {"param_list": ["Respiratory Control", [[-37.0, 21.5, 1.5707963267948966, true], [-37, 36, 0.0, false]]], "skill": "navigation", "skill-life-cycle": "SUCCESS", "label": "navto"}
122.87, [DEBUG], turtlebot1, "available-skills=['send_message', 'wait_message', 'approach_object', 'approach_person', 'approach_robot', 'authenticate_person', 'deposit', 'manipulate_door', 'navigation', 'operate_drawer', 'pick_up']"
122.87, [DEBUG], turtlebot1, {"param_list": ["Delivery1"], "skill": "send_message", "skill-life-cycle": "STARTED", "label": "notify_Delivery1_of_navto_completed"}
122.93, [INFO], turtlebot1, {"to": "Delivery1", "skill": "send-message"}
127.68, [INFO], turtlebot1, {"battery-level": "97.92%"}
127.68, [INFO], turtlebot1, {"battery-level": "97.92%"}
127.70, [INFO], turtlebot1, {"y": "35.70", "x": "-37.38", "yaw": "0.05"}
127.70, [INFO], turtlebot1, {"y": "35.70", "x": "-37.38", "yaw": "0.05"}
127.90, [DEBUG], turtlebot1, {"param_list": ["Delivery1"], "skill": "send_message", "skill-life-cycle": "SUCCESS", "label": "notify_Delivery1_of_navto_completed"}
127.92, [DEBUG], turtlebot1, "available-skills=['send_message', 'wait_message', 'approach_object', 'approach_person', 'approach_robot', 'authenticate_person', 'deposit', 'manipulate_door', 'navigation', 'operate_drawer', 'pick_up']"
127.92, [DEBUG], turtlebot1, {"param_list": ["IC Room 1", [[-37, 30, 0.0, true], [-37, 25, 0.0, true], [-37, 20, 0.0, true], [-37, 15, 0.0, false]]], "skill": "navigation", "skill-life-cycle": "STARTED", "label": "navto"}
142.68, [INFO], turtlebot1, {"y": "34.89", "x": "-37.07", "yaw": "-1.78"}
142.68, [INFO], turtlebot1, {"y": "34.89", "x": "-37.07", "yaw": "-1.78"}
142.68, [INFO], turtlebot1, {"battery-level": "97.64%"}
142.68, [INFO], turtlebot1, {"battery-level": "97.64%"}
157.68, [INFO], turtlebot1, {"battery-level": "97.34%"}
157.68, [INFO], turtlebot1, {"battery-level": "97.34%"}
157.68, [INFO], turtlebot1, {"y": "32.52", "x": "-36.95", "yaw": "-1.63"}
157.70, [INFO], turtlebot1, {"y": "32.52", "x": "-36.95", "yaw": "-1.63"}
172.00, [DEBUG], turtlebot1, {"param_list": ["IC Room 1", [[-37, 30, 0.0, true], [-37, 25, 0.0, true], [-37, 20, 0.0, true], [-37, 15, 0.0, false]]], "skill": "navigation", "skill-life-cycle": "RUNNING", "label": "navto"}
172.68, [INFO], turtlebot1, {"y": "30.41", "x": "-37.25", "yaw": "-0.60"}
172.68, [INFO], turtlebot1, {"y": "30.41", "x": "-37.25", "yaw": "-0.60"}
172.68, [INFO], turtlebot1, {"battery-level": "97.04%"}
172.68, [INFO], turtlebot1, {"battery-level": "97.04%"}
174.75, [DEBUG], None, [debug],turtlebot1,move-base-info,Hooray, the base moved arrived,(x=-37;y=30)
174.75, [DEBUG], None, [debug],turtlebot1,move-base-info,Hooray, the base moved arrived,(x=-37;y=30)
174.87, [DEBUG], turtlebot1, {"status": "way-point-reached", "skill": "navigation", "percentage": "25.00%", "goingto": "IC Room 1"}
187.68, [INFO], turtlebot1, {"battery-level": "96.74%"}
187.68, [INFO], turtlebot1, {"battery-level": "96.74%"}
187.68, [INFO], turtlebot1, {"y": "30.03", "x": "-36.86", "yaw": "-1.12"}
187.68, [INFO], turtlebot1, {"y": "30.03", "x": "-36.86", "yaw": "-1.12"}
202.68, [INFO], turtlebot1, {"battery-level": "96.44%"}
202.68, [INFO], turtlebot1, {"y": "27.87", "x": "-36.57", "yaw": "-1.57"}
202.73, [INFO], turtlebot1, {"battery-level": "96.44%"}
202.73, [INFO], turtlebot1, {"y": "27.87", "x": "-36.57", "yaw": "-1.57"}
217.68, [INFO], turtlebot1, {"battery-level": "96.14%"}
217.68, [INFO], turtlebot1, {"battery-level": "96.14%"}
217.68, [INFO], turtlebot1, {"y": "25.42", "x": "-36.78", "yaw": "-1.59"}
217.68, [INFO], turtlebot1, {"y": "25.42", "x": "-36.78", "yaw": "-1.59"}
222.05, [DEBUG], None, [debug],turtlebot1,move-base-info,Hooray, the base moved arrived,(x=-37;y=25)
222.05, [DEBUG], None, [debug],turtlebot1,move-base-info,Hooray, the base moved arrived,(x=-37;y=25)
222.22, [DEBUG], turtlebot1, {"status": "way-point-reached", "skill": "navigation", "percentage": "50.00%", "goingto": "IC Room 1"}
232.68, [INFO], turtlebot1, {"y": "25.22", "x": "-36.66", "yaw": "-1.32"}
232.68, [INFO], turtlebot1, {"y": "25.22", "x": "-36.66", "yaw": "-1.32"}
232.68, [INFO], turtlebot1, {"battery-level": "95.82%"}
232.68, [INFO], turtlebot1, {"battery-level": "95.82%"}
238.38, [DEBUG], turtlebot1, {"param_list": ["IC Room 1", [[-37, 30, 0.0, true], [-37, 25, 0.0, true], [-37, 20, 0.0, true], [-37, 15, 0.0, false]]], "skill": "navigation", "skill-life-cycle": "RUNNING", "label": "navto"}
247.68, [INFO], turtlebot1, {"y": "22.74", "x": "-36.66", "yaw": "-1.69"}
247.68, [INFO], turtlebot1, {"y": "22.74", "x": "-36.66", "yaw": "-1.69"}
247.68, [INFO], turtlebot1, {"battery-level": "95.52%"}
247.68, [INFO], turtlebot1, {"battery-level": "95.52%"}
262.68, [INFO], turtlebot1, {"battery-level": "95.24%"}
262.68, [INFO], turtlebot1, {"battery-level": "95.24%"}
262.68, [INFO], turtlebot1, {"y": "20.45", "x": "-36.86", "yaw": "-1.07"}
262.70, [INFO], turtlebot1, {"y": "20.45", "x": "-36.86", "yaw": "-1.07"}
265.85, [DEBUG], None, [debug],turtlebot1,move-base-info,Hooray, the base moved arrived,(x=-37;y=20)
265.85, [DEBUG], None, [debug],turtlebot1,move-base-info,Hooray, the base moved arrived,(x=-37;y=20)
265.98, [DEBUG], turtlebot1, {"status": "way-point-reached", "skill": "navigation", "percentage": "75.00%", "goingto": "IC Room 1"}
277.68, [INFO], turtlebot1, {"y": "20.01", "x": "-36.72", "yaw": "-1.57"}
277.68, [INFO], turtlebot1, {"y": "20.01", "x": "-36.72", "yaw": "-1.57"}
277.70, [INFO], turtlebot1, {"battery-level": "94.92%"}
277.70, [INFO], turtlebot1, {"battery-level": "94.92%"}
291.05, [DEBUG], turtlebot1, {"param_list": ["IC Room 1", [[-37, 30, 0.0, true], [-37, 25, 0.0, true], [-37, 20, 0.0, true], [-37, 15, 0.0, false]]], "skill": "navigation", "skill-life-cycle": "RUNNING", "label": "navto"}
292.68, [INFO], turtlebot1, {"battery-level": "94.64%"}
292.68, [INFO], turtlebot1, {"battery-level": "94.64%"}
292.68, [INFO], turtlebot1, {"y": "17.57", "x": "-36.67", "yaw": "-1.59"}
292.70, [INFO], turtlebot1, {"y": "17.57", "x": "-36.67", "yaw": "-1.59"}
307.68, [INFO], turtlebot1, {"y": "15.43", "x": "-36.85", "yaw": "-0.78"}
307.68, [INFO], turtlebot1, {"y": "15.43", "x": "-36.85", "yaw": "-0.78"}
307.68, [INFO], turtlebot1, {"battery-level": "94.32%"}
307.70, [INFO], turtlebot1, {"battery-level": "94.32%"}
310.12, [DEBUG], None, [debug],turtlebot1,move-base-info,Hooray, the base moved arrived,(x=-37;y=15)
310.13, [DEBUG], None, [debug],turtlebot1,move-base-info,Hooray, the base moved arrived,(x=-37;y=15)
310.50, [DEBUG], turtlebot1, {"status": "way-point-reached", "skill": "navigation", "percentage": "100.00%", "goingto": "IC Room 1"}
310.62, [DEBUG], turtlebot1, {"param_list": ["IC Room 1", [[-37, 30, 0.0, true], [-37, 25, 0.0, true], [-37, 20, 0.0, true], [-37, 15, 0.0, false]]], "skill": "navigation", "skill-life-cycle": "SUCCESS", "label": "navto"}
310.63, [DEBUG], turtlebot1, "available-skills=['send_message', 'wait_message', 'approach_object', 'approach_person', 'approach_robot', 'authenticate_person', 'deposit', 'manipulate_door', 'navigation', 'operate_drawer', 'pick_up']"
310.63, [DEBUG], turtlebot1, {"param_list": ["human", "IC Room 1"], "skill": "approach_object", "skill-life-cycle": "STARTED", "label": "approach-human"}
310.70, [DEBUG], turtlebot1, {"status": "localize-robot", "skill": "=approach-robot", "who": "lab_arm"}
310.82, [DEBUG], turtlebot1, {"status": "goto-robot", "skill": "approach-robot", "who": "lab_arm"}
310.93, [DEBUG], turtlebot1, {"param_list": ["human", "IC Room 1"], "skill": "approach_object", "skill-life-cycle": "SUCCESS", "label": "approach-human"}
310.93, [DEBUG], turtlebot1, "available-skills=['send_message', 'wait_message', 'approach_object', 'approach_person', 'approach_robot', 'authenticate_person', 'deposit', 'manipulate_door', 'navigation', 'operate_drawer', 'pick_up']"
310.93, [DEBUG], turtlebot1, {"param_list": ["Patient1"], "skill": "send_message", "skill-life-cycle": "STARTED", "label": "notify_Patient1_of_approach-human_completed"}
310.98, [INFO], turtlebot1, {"to": "Patient1", "skill": "send-message"}
316.28, [DEBUG], turtlebot1, {"param_list": ["Patient1"], "skill": "send_message", "skill-life-cycle": "SUCCESS", "label": "notify_Patient1_of_approach-human_completed"}
322.68, [INFO], turtlebot1, {"battery-level": "94.04%"}
322.68, [INFO], turtlebot1, {"y": "15.41", "x": "-36.85", "yaw": "-0.03"}
337.68, [INFO], turtlebot1, {"y": "15.41", "x": "-36.84", "yaw": "-0.02"}
337.68, [INFO], turtlebot1, {"battery-level": "93.74%"}
352.68, [INFO], turtlebot1, {"y": "15.42", "x": "-36.84", "yaw": "-0.01"}
352.68, [INFO], turtlebot1, {"battery-level": "93.42%"}
367.68, [INFO], turtlebot1, {"battery-level": "93.12%"}
367.68, [INFO], turtlebot1, {"y": "15.42", "x": "-36.84", "yaw": "-0.00"}
382.68, [INFO], turtlebot1, {"y": "15.42", "x": "-36.84", "yaw": "0.01"}
382.68, [INFO], turtlebot1, {"battery-level": "92.84%"}
397.68, [INFO], turtlebot1, {"y": "15.42", "x": "-36.83", "yaw": "0.02"}
397.68, [INFO], turtlebot1, {"battery-level": "92.54%"}
412.68, [INFO], turtlebot1, {"battery-level": "92.24%"}
412.68, [INFO], turtlebot1, {"y": "15.42", "x": "-36.83", "yaw": "0.03"}
427.68, [INFO], turtlebot1, {"battery-level": "91.94%"}
427.68, [INFO], turtlebot1, {"y": "15.42", "x": "-36.82", "yaw": "0.05"}
442.68, [INFO], turtlebot1, {"battery-level": "91.64%"}
442.68, [INFO], turtlebot1, {"y": "15.41", "x": "-36.82", "yaw": "0.06"}
457.68, [INFO], turtlebot1, {"y": "15.41", "x": "-36.81", "yaw": "0.07"}
457.68, [INFO], turtlebot1, {"battery-level": "91.34%"}
472.68, [INFO], turtlebot1, {"battery-level": "91.02%"}
472.68, [INFO], turtlebot1, {"y": "15.41", "x": "-36.81", "yaw": "0.08"}
487.68, [INFO], turtlebot1, {"y": "15.41", "x": "-36.81", "yaw": "0.10"}
487.68, [INFO], turtlebot1, {"battery-level": "90.72%"}
502.68, [INFO], turtlebot1, {"y": "15.41", "x": "-36.80", "yaw": "0.12"}
502.68, [INFO], turtlebot1, {"battery-level": "90.44%"}
517.68, [INFO], turtlebot1, {"y": "15.41", "x": "-36.80", "yaw": "0.14"}
517.68, [INFO], turtlebot1, {"battery-level": "90.12%"}
532.68, [INFO], turtlebot1, {"battery-level": "89.82%"}
532.68, [INFO], turtlebot1, {"y": "15.41", "x": "-36.79", "yaw": "0.15"}
536.62, [DEBUG], None, end!
