0.00, [DEBUG], logger, ROBOTS_CONFIG=[{"avg_speed": 0.15, "battery_charge": 1, "battery_discharge_rate": 0.0002, "id": 1, "local_plan": [["navigation", ["PC Room 2", [[-38.0, 21.5, 0.0], [-37.0, 21.5], [-37.0, 16.0], [-18.0, 16.0], [-18.0, 13.0, 1.57]]], "navigation"], ["approach_person", ["nurse"], "approach_person"], ["authenticate_person", ["nurse"], "authenticate_person"], ["operate_drawer", ["open"], "operate_drawer-open"], ["send_message", ["nurse"], "notify_nurse_of_operate_drawer-open_completed"], ["wait_message", ["nurse"], "wait_nurse_to_complete_deposit"], ["operate_drawer", ["close"], "operate_drawer-close"], ["navigation", ["Laboratory", [[-18.0, 13.0, 1.57], [-18.0, 16.0], [-26.0, 16.0], [-26.0, 13.0, 1.57]]], "navigation"], ["approach_robot", ["lab_arm"], "approach_robot"], ["operate_drawer", ["open"], "operate_drawer-open"], ["send_message", ["lab_arm"], "notify_lab_arm_of_operate_drawer-open_completed"], ["wait_message", ["lab_arm"], "wait_lab_arm_to_complete_pick_up"], ["operate_drawer", ["close"], "operate_drawer-close"]], "location": "IC Room 2", "name": "r1", "position": [-38.0, 21.5, 0.0], "skills": ["approach_person", "approach_robot", "authenticate_person", "deposit", "navigation", "operate_drawer", "pick_up"]}]
0.00, [DEBUG], logger, NURSES_CONFIG=[{"location": "PC Room 2", "position": [-20.0, 11.0, 1.57]}]
0.00, [DEBUG], logger, Simulation open
0.00, [DEBUG], logger, subcribing to in the topic /log
1.48, [DEBUG], None, [debug],turtlebot1,move-base-info,Move_base is up and ok....,
12.33, [DEBUG], turtlebot1, {"param_list": [], "skill": "init_robobt", "skill-life-cycle": "SUCCESS", "label": "init_robobt"}
12.35, [DEBUG], turtlebot1, "available-skills=['send_message', 'wait_message', 'approach_person', 'approach_robot', 'authenticate_person', 'deposit', 'navigation', 'operate_drawer', 'pick_up']"
12.35, [DEBUG], turtlebot1, {"param_list": ["PC Room 2", [[-37.0, 21.5, -1.5707963267948966, true], [-37.0, 16.0, 0.0, true], [-18.0, 16.0, -1.5707963267948966, true], [-18.0, 13.0, 1.57, false]]], "skill": "navigation", "skill-life-cycle": "STARTED", "label": "navigation"}
30.60, [DEBUG], None, [debug],turtlebot1,move-base-info,Hooray, the base moved arrived,(x=-37;y=21.5)
30.60, [DEBUG], None, [debug],turtlebot1,move-base-info,Hooray, the base moved arrived,(x=-37;y=21.5)
30.68, [DEBUG], turtlebot1, {"status": "way-point-reached", "skill": "navigation", "percentage": "25.00%", "goingto": "PC Room 2"}
49.68, [INFO], turtlebot1, {"y": "20.16", "x": "-37.04", "yaw": "-1.54"}
49.70, [INFO], turtlebot1, {"battery-level": "99.72%"}
49.72, [INFO], turtlebot1, {"y": "20.16", "x": "-37.04", "yaw": "-1.54"}
49.73, [INFO], turtlebot1, {"battery-level": "99.72%"}
64.68, [INFO], turtlebot1, {"y": "17.66", "x": "-37.04", "yaw": "-1.57"}
64.68, [INFO], turtlebot1, {"y": "17.66", "x": "-37.04", "yaw": "-1.57"}
64.70, [INFO], turtlebot1, {"battery-level": "99.42%"}
64.70, [INFO], turtlebot1, {"battery-level": "99.42%"}
76.53, [DEBUG], turtlebot1, {"param_list": ["PC Room 2", [[-37.0, 21.5, -1.5707963267948966, true], [-37.0, 16.0, 0.0, true], [-18.0, 16.0, -1.5707963267948966, true], [-18.0, 13.0, 1.57, false]]], "skill": "navigation", "skill-life-cycle": "RUNNING", "label": "navigation"}
76.68, [DEBUG], None, [debug],turtlebot1,move-base-info,Hooray, the base moved arrived,(x=-37;y=16)
76.68, [DEBUG], None, [debug],turtlebot1,move-base-info,Hooray, the base moved arrived,(x=-37;y=16)
76.95, [DEBUG], turtlebot1, {"status": "way-point-reached", "skill": "navigation", "percentage": "50.00%", "goingto": "PC Room 2"}
79.68, [INFO], turtlebot1, {"y": "16.38", "x": "-37.29", "yaw": "-0.04"}
79.68, [INFO], turtlebot1, {"y": "16.38", "x": "-37.29", "yaw": "-0.04"}
79.70, [INFO], turtlebot1, {"battery-level": "99.14%"}
79.70, [INFO], turtlebot1, {"battery-level": "99.14%"}
94.68, [INFO], turtlebot1, {"y": "15.81", "x": "-36.48", "yaw": "-0.74"}
94.68, [INFO], turtlebot1, {"y": "15.81", "x": "-36.48", "yaw": "-0.74"}
94.70, [INFO], turtlebot1, {"battery-level": "98.84%"}
94.70, [INFO], turtlebot1, {"battery-level": "98.84%"}
109.68, [INFO], turtlebot1, {"y": "15.31", "x": "-35.30", "yaw": "-0.08"}
109.68, [INFO], turtlebot1, {"y": "15.31", "x": "-35.30", "yaw": "-0.08"}
109.70, [INFO], turtlebot1, {"battery-level": "98.52%"}
109.70, [INFO], turtlebot1, {"battery-level": "98.52%"}
124.68, [INFO], turtlebot1, {"y": "15.28", "x": "-34.05", "yaw": "0.00"}
124.70, [INFO], turtlebot1, {"battery-level": "98.22%"}
124.77, [INFO], turtlebot1, {"y": "15.28", "x": "-34.05", "yaw": "0.00"}
124.78, [INFO], turtlebot1, {"battery-level": "98.22%"}
139.68, [INFO], turtlebot1, {"y": "15.28", "x": "-32.80", "yaw": "-0.00"}
139.68, [INFO], turtlebot1, {"y": "15.28", "x": "-32.80", "yaw": "-0.00"}
139.70, [INFO], turtlebot1, {"battery-level": "97.92%"}
139.70, [INFO], turtlebot1, {"battery-level": "97.92%"}
145.78, [DEBUG], turtlebot1, {"param_list": ["PC Room 2", [[-37.0, 21.5, -1.5707963267948966, true], [-37.0, 16.0, 0.0, true], [-18.0, 16.0, -1.5707963267948966, true], [-18.0, 13.0, 1.57, false]]], "skill": "navigation", "skill-life-cycle": "RUNNING", "label": "navigation"}
154.68, [INFO], turtlebot1, {"y": "15.28", "x": "-31.54", "yaw": "-0.01"}
154.68, [INFO], turtlebot1, {"y": "15.28", "x": "-31.54", "yaw": "-0.01"}
154.70, [INFO], turtlebot1, {"battery-level": "97.62%"}
154.72, [INFO], turtlebot1, {"battery-level": "97.62%"}
169.68, [INFO], turtlebot1, {"y": "15.28", "x": "-30.29", "yaw": "-0.00"}
169.68, [INFO], turtlebot1, {"y": "15.28", "x": "-30.29", "yaw": "-0.00"}
169.70, [INFO], turtlebot1, {"battery-level": "97.32%"}
169.70, [INFO], turtlebot1, {"battery-level": "97.32%"}
184.68, [INFO], turtlebot1, {"y": "15.28", "x": "-29.04", "yaw": "-0.00"}
184.68, [INFO], turtlebot1, {"y": "15.28", "x": "-29.04", "yaw": "-0.00"}
184.70, [INFO], turtlebot1, {"battery-level": "97.04%"}
184.78, [INFO], turtlebot1, {"battery-level": "97.04%"}
199.68, [INFO], turtlebot1, {"y": "15.28", "x": "-27.79", "yaw": "-0.00"}
199.68, [INFO], turtlebot1, {"y": "15.28", "x": "-27.79", "yaw": "-0.00"}
199.70, [INFO], turtlebot1, {"battery-level": "96.72%"}
199.70, [INFO], turtlebot1, {"battery-level": "96.72%"}
210.60, [DEBUG], turtlebot1, {"param_list": ["PC Room 2", [[-37.0, 21.5, -1.5707963267948966, true], [-37.0, 16.0, 0.0, true], [-18.0, 16.0, -1.5707963267948966, true], [-18.0, 13.0, 1.57, false]]], "skill": "navigation", "skill-life-cycle": "RUNNING", "label": "navigation"}
214.68, [INFO], turtlebot1, {"y": "15.28", "x": "-26.53", "yaw": "-0.00"}
214.68, [INFO], turtlebot1, {"y": "15.28", "x": "-26.53", "yaw": "-0.00"}
214.70, [INFO], turtlebot1, {"battery-level": "96.42%"}
214.70, [INFO], turtlebot1, {"battery-level": "96.42%"}
229.68, [INFO], turtlebot1, {"y": "15.28", "x": "-25.28", "yaw": "-0.00"}
229.68, [INFO], turtlebot1, {"y": "15.28", "x": "-25.28", "yaw": "-0.00"}
229.70, [INFO], turtlebot1, {"battery-level": "96.12%"}
229.70, [INFO], turtlebot1, {"battery-level": "96.12%"}
244.68, [INFO], turtlebot1, {"y": "15.29", "x": "-24.03", "yaw": "-0.00"}
244.70, [INFO], turtlebot1, {"battery-level": "95.82%"}
244.77, [INFO], turtlebot1, {"y": "15.29", "x": "-24.03", "yaw": "-0.00"}
244.77, [INFO], turtlebot1, {"battery-level": "95.82%"}
259.68, [INFO], turtlebot1, {"y": "15.29", "x": "-22.78", "yaw": "-0.01"}
259.68, [INFO], turtlebot1, {"y": "15.29", "x": "-22.78", "yaw": "-0.01"}
259.70, [INFO], turtlebot1, {"battery-level": "95.54%"}
259.70, [INFO], turtlebot1, {"battery-level": "95.54%"}
274.68, [INFO], turtlebot1, {"y": "15.29", "x": "-21.53", "yaw": "-0.01"}
274.68, [INFO], turtlebot1, {"y": "15.29", "x": "-21.53", "yaw": "-0.01"}
274.70, [INFO], turtlebot1, {"battery-level": "95.24%"}
274.70, [INFO], turtlebot1, {"battery-level": "95.24%"}
274.75, [DEBUG], turtlebot1, {"param_list": ["PC Room 2", [[-37.0, 21.5, -1.5707963267948966, true], [-37.0, 16.0, 0.0, true], [-18.0, 16.0, -1.5707963267948966, true], [-18.0, 13.0, 1.57, false]]], "skill": "navigation", "skill-life-cycle": "RUNNING", "label": "navigation"}
289.68, [INFO], turtlebot1, {"y": "15.39", "x": "-20.28", "yaw": "0.30"}
289.70, [INFO], turtlebot1, {"battery-level": "94.92%"}
289.72, [INFO], turtlebot1, {"y": "15.39", "x": "-20.28", "yaw": "0.30"}
289.72, [INFO], turtlebot1, {"battery-level": "94.92%"}
304.68, [INFO], turtlebot1, {"y": "15.80", "x": "-19.06", "yaw": "0.20"}
304.70, [INFO], turtlebot1, {"y": "15.80", "x": "-19.06", "yaw": "0.20"}
304.70, [INFO], turtlebot1, {"battery-level": "94.62%"}
304.70, [INFO], turtlebot1, {"battery-level": "94.62%"}
316.68, [DEBUG], None, [debug],turtlebot1,move-base-info,Hooray, the base moved arrived,(x=-18;y=16)
316.70, [DEBUG], None, [debug],turtlebot1,move-base-info,Hooray, the base moved arrived,(x=-18;y=16)
316.92, [DEBUG], turtlebot1, {"status": "way-point-reached", "skill": "navigation", "percentage": "75.00%", "goingto": "PC Room 2"}
319.68, [INFO], turtlebot1, {"y": "16.00", "x": "-18.45", "yaw": "-1.52"}
319.68, [INFO], turtlebot1, {"y": "16.00", "x": "-18.45", "yaw": "-1.52"}
319.70, [INFO], turtlebot1, {"battery-level": "94.32%"}
319.70, [INFO], turtlebot1, {"battery-level": "94.32%"}
334.68, [INFO], turtlebot1, {"y": "14.75", "x": "-18.28", "yaw": "-2.07"}
334.70, [INFO], turtlebot1, {"y": "14.75", "x": "-18.28", "yaw": "-2.07"}
334.72, [INFO], turtlebot1, {"battery-level": "94.02%"}
334.72, [INFO], turtlebot1, {"battery-level": "94.02%"}
338.87, [DEBUG], turtlebot1, {"param_list": ["PC Room 2", [[-37.0, 21.5, -1.5707963267948966, true], [-37.0, 16.0, 0.0, true], [-18.0, 16.0, -1.5707963267948966, true], [-18.0, 13.0, 1.57, false]]], "skill": "navigation", "skill-life-cycle": "RUNNING", "label": "navigation"}
349.68, [INFO], turtlebot1, {"y": "13.43", "x": "-18.24", "yaw": "-1.04"}
349.68, [INFO], turtlebot1, {"y": "13.43", "x": "-18.24", "yaw": "-1.04"}
349.70, [INFO], turtlebot1, {"battery-level": "93.72%"}
349.70, [INFO], turtlebot1, {"battery-level": "93.72%"}
356.50, [DEBUG], None, [debug],turtlebot1,move-base-info,Hooray, the base moved arrived,(x=-18;y=13)
356.50, [DEBUG], None, [debug],turtlebot1,move-base-info,Hooray, the base moved arrived,(x=-18;y=13)
356.85, [DEBUG], turtlebot1, {"status": "way-point-reached", "skill": "navigation", "percentage": "100.00%", "goingto": "PC Room 2"}
356.97, [DEBUG], turtlebot1, {"param_list": ["PC Room 2", [[-37.0, 21.5, -1.5707963267948966, true], [-37.0, 16.0, 0.0, true], [-18.0, 16.0, -1.5707963267948966, true], [-18.0, 13.0, 1.57, false]]], "skill": "navigation", "skill-life-cycle": "SUCCESS", "label": "navigation"}
356.97, [DEBUG], turtlebot1, "available-skills=['send_message', 'wait_message', 'approach_person', 'approach_robot', 'authenticate_person', 'deposit', 'navigation', 'operate_drawer', 'pick_up']"
356.97, [DEBUG], turtlebot1, {"param_list": ["nurse"], "skill": "approach_person", "skill-life-cycle": "STARTED", "label": "approach_person"}
357.02, [DEBUG], turtlebot1, {"status": "localize-person", "skill": "approach-person", "who": "nurse"}
357.13, [DEBUG], turtlebot1, {"status": "goto-person", "skill": "approach-person", "who": "nurse"}
357.20, [DEBUG], turtlebot1, {"param_list": ["nurse"], "skill": "approach_person", "skill-life-cycle": "SUCCESS", "label": "approach_person"}
357.20, [DEBUG], turtlebot1, "available-skills=['send_message', 'wait_message', 'approach_person', 'approach_robot', 'authenticate_person', 'deposit', 'navigation', 'operate_drawer', 'pick_up']"
357.22, [DEBUG], turtlebot1, {"param_list": ["nurse"], "skill": "authenticate_person", "skill-life-cycle": "STARTED", "label": "authenticate_person"}
357.25, [DEBUG], turtlebot1, {"status": "request-authentication", "to": "nurse", "skill": "authenticate-person"}
357.25, [INFO], nurse, {"status": "message-received", "skill": "athentication-request"}
357.27, [INFO], nurse, {"status": "message-received", "skill": "athentication-request"}
357.82, [DEBUG], turtlebot1, {"status": "received-authentication", "skill": "authenticate-person", "from": "nurse"}
357.93, [DEBUG], turtlebot1, {"param_list": ["nurse"], "skill": "authenticate_person", "skill-life-cycle": "SUCCESS", "label": "authenticate_person"}
357.93, [DEBUG], turtlebot1, "available-skills=['send_message', 'wait_message', 'approach_person', 'approach_robot', 'authenticate_person', 'deposit', 'navigation', 'operate_drawer', 'pick_up']"
357.95, [DEBUG], turtlebot1, {"param_list": ["open"], "skill": "operate_drawer", "skill-life-cycle": "STARTED", "label": "operate_drawer-open"}
358.00, [DEBUG], turtlebot1, {"status": "task-update", "action": "open", "skill": "operate-drawer"}
359.38, [DEBUG], turtlebot1, {"param_list": ["open"], "skill": "operate_drawer", "skill-life-cycle": "SUCCESS", "label": "operate_drawer-open"}
359.38, [DEBUG], turtlebot1, "available-skills=['send_message', 'wait_message', 'approach_person', 'approach_robot', 'authenticate_person', 'deposit', 'navigation', 'operate_drawer', 'pick_up']"
359.40, [DEBUG], turtlebot1, {"param_list": ["nurse"], "skill": "send_message", "skill-life-cycle": "STARTED", "label": "notify_nurse_of_operate_drawer-open_completed"}
359.45, [INFO], turtlebot1, {"to": "nurse", "skill": "send-message"}
360.72, [INFO], nurse, {"status": "message-received", "skill": "wait-message"}
360.72, [INFO], nurse, {"status": "message-received", "skill": "wait-message"}
364.52, [DEBUG], turtlebot1, {"param_list": ["nurse"], "skill": "send_message", "skill-life-cycle": "SUCCESS", "label": "notify_nurse_of_operate_drawer-open_completed"}
364.52, [DEBUG], turtlebot1, "available-skills=['send_message', 'wait_message', 'approach_person', 'approach_robot', 'authenticate_person', 'deposit', 'navigation', 'operate_drawer', 'pick_up']"
364.52, [DEBUG], turtlebot1, {"param_list": ["nurse"], "skill": "wait_message", "skill-life-cycle": "STARTED", "label": "wait_nurse_to_complete_deposit"}
364.68, [INFO], turtlebot1, {"y": "13.37", "x": "-18.21", "yaw": "1.53"}
364.68, [INFO], turtlebot1, {"y": "13.37", "x": "-18.21", "yaw": "1.53"}
364.72, [INFO], turtlebot1, {"battery-level": "93.42%"}
364.72, [INFO], turtlebot1, {"battery-level": "93.42%"}
364.78, [INFO], turtlebot1, {"status": "message-received", "skill": "wait-message"}
364.90, [DEBUG], turtlebot1, {"param_list": ["nurse"], "skill": "wait_message", "skill-life-cycle": "SUCCESS", "label": "wait_nurse_to_complete_deposit"}
364.90, [DEBUG], turtlebot1, "available-skills=['send_message', 'wait_message', 'approach_person', 'approach_robot', 'authenticate_person', 'deposit', 'navigation', 'operate_drawer', 'pick_up']"
364.92, [DEBUG], turtlebot1, {"param_list": ["close"], "skill": "operate_drawer", "skill-life-cycle": "STARTED", "label": "operate_drawer-close"}
364.95, [DEBUG], turtlebot1, {"status": "task-update", "action": "close", "skill": "operate-drawer"}
366.33, [DEBUG], turtlebot1, {"param_list": ["close"], "skill": "operate_drawer", "skill-life-cycle": "SUCCESS", "label": "operate_drawer-close"}
366.33, [DEBUG], turtlebot1, "available-skills=['send_message', 'wait_message', 'approach_person', 'approach_robot', 'authenticate_person', 'deposit', 'navigation', 'operate_drawer', 'pick_up']"
366.35, [DEBUG], turtlebot1, {"param_list": ["Laboratory", [[-18.0, 16.0, 3.141592653589793, true], [-26.0, 16.0, -1.5707963267948966, true], [-26.0, 13.0, 1.57, false]]], "skill": "navigation", "skill-life-cycle": "STARTED", "label": "navigation"}
370.72, [INFO], nurse, {"status": "message-received", "skill": "wait-message"}
370.72, [INFO], nurse, {"status": "message-received", "skill": "wait-message"}
377.25, [INFO], nurse, {"status": "waiting", "skill": "athentication-sent"}
377.25, [INFO], nurse, {"status": "waiting", "skill": "athentication-sent"}
379.68, [INFO], turtlebot1, {"y": "14.34", "x": "-18.08", "yaw": "1.49"}
379.70, [INFO], turtlebot1, {"battery-level": "93.14%"}
379.73, [INFO], turtlebot1, {"y": "14.34", "x": "-18.08", "yaw": "1.49"}
379.73, [INFO], turtlebot1, {"battery-level": "93.14%"}
380.73, [INFO], nurse, {"status": "message-received", "skill": "wait-message"}
380.73, [INFO], nurse, {"status": "message-received", "skill": "wait-message"}
390.73, [INFO], nurse, {"status": "message-received", "skill": "wait-message"}
390.73, [INFO], nurse, {"status": "message-received", "skill": "wait-message"}
391.60, [DEBUG], None, [debug],turtlebot1,move-base-info,Hooray, the base moved arrived,(x=-18;y=16)
391.60, [DEBUG], None, [debug],turtlebot1,move-base-info,Hooray, the base moved arrived,(x=-18;y=16)
391.65, [DEBUG], turtlebot1, {"status": "way-point-reached", "skill": "navigation", "percentage": "33.33%", "goingto": "Laboratory"}
394.68, [INFO], turtlebot1, {"y": "15.55", "x": "-17.98", "yaw": "3.10"}
394.68, [INFO], turtlebot1, {"y": "15.55", "x": "-17.98", "yaw": "3.10"}
394.70, [INFO], turtlebot1, {"battery-level": "92.84%"}
394.70, [INFO], turtlebot1, {"battery-level": "92.84%"}
407.10, [DEBUG], turtlebot1, {"param_list": ["Laboratory", [[-18.0, 16.0, 3.141592653589793, true], [-26.0, 16.0, -1.5707963267948966, true], [-26.0, 13.0, 1.57, false]]], "skill": "navigation", "skill-life-cycle": "RUNNING", "label": "navigation"}
409.68, [INFO], turtlebot1, {"y": "15.88", "x": "-25.54", "yaw": "-2.91"}
409.68, [INFO], turtlebot1, {"y": "15.88", "x": "-25.54", "yaw": "-2.91"}
409.70, [INFO], turtlebot1, {"battery-level": "92.52%"}
409.70, [INFO], turtlebot1, {"battery-level": "92.52%"}
413.42, [DEBUG], None, [debug],turtlebot1,move-base-info,Hooray, the base moved arrived,(x=-26;y=16)
413.42, [DEBUG], None, [debug],turtlebot1,move-base-info,Hooray, the base moved arrived,(x=-26;y=16)
413.58, [DEBUG], turtlebot1, {"status": "way-point-reached", "skill": "navigation", "percentage": "66.67%", "goingto": "Laboratory"}
424.68, [INFO], turtlebot1, {"y": "15.04", "x": "-25.71", "yaw": "-1.73"}
424.68, [INFO], turtlebot1, {"y": "15.04", "x": "-25.71", "yaw": "-1.73"}
424.70, [INFO], turtlebot1, {"battery-level": "92.24%"}
424.72, [INFO], turtlebot1, {"battery-level": "92.24%"}
439.68, [INFO], turtlebot1, {"y": "13.39", "x": "-25.87", "yaw": "1.85"}
439.68, [INFO], turtlebot1, {"y": "13.39", "x": "-25.87", "yaw": "1.85"}
439.70, [INFO], turtlebot1, {"battery-level": "91.94%"}
439.70, [INFO], turtlebot1, {"battery-level": "91.94%"}
440.88, [DEBUG], None, [debug],turtlebot1,move-base-info,Hooray, the base moved arrived,(x=-26;y=13)
440.90, [DEBUG], None, [debug],turtlebot1,move-base-info,Hooray, the base moved arrived,(x=-26;y=13)
454.68, [INFO], turtlebot1, {"y": "13.39", "x": "-25.88", "yaw": "1.63"}
454.68, [INFO], turtlebot1, {"y": "13.39", "x": "-25.88", "yaw": "1.63"}
454.70, [INFO], turtlebot1, {"battery-level": "91.64%"}
454.70, [INFO], turtlebot1, {"battery-level": "91.64%"}
469.68, [INFO], turtlebot1, {"y": "13.39", "x": "-25.88", "yaw": "1.65"}
469.68, [INFO], turtlebot1, {"y": "13.39", "x": "-25.88", "yaw": "1.65"}
469.70, [INFO], turtlebot1, {"battery-level": "91.34%"}
469.70, [INFO], turtlebot1, {"battery-level": "91.34%"}
477.17, [DEBUG], turtlebot1, {"param_list": ["Laboratory", [[-18.0, 16.0, 3.141592653589793, true], [-26.0, 16.0, -1.5707963267948966, true], [-26.0, 13.0, 1.57, false]]], "skill": "navigation", "skill-life-cycle": "RUNNING", "label": "navigation"}
484.68, [INFO], turtlebot1, {"y": "13.39", "x": "-25.88", "yaw": "1.66"}
484.70, [INFO], turtlebot1, {"battery-level": "91.04%"}
484.72, [INFO], turtlebot1, {"y": "13.39", "x": "-25.88", "yaw": "1.66"}
484.72, [INFO], turtlebot1, {"battery-level": "91.04%"}
499.68, [INFO], turtlebot1, {"y": "13.39", "x": "-25.88", "yaw": "1.68"}
499.68, [INFO], turtlebot1, {"y": "13.39", "x": "-25.88", "yaw": "1.68"}
499.70, [INFO], turtlebot1, {"battery-level": "90.72%"}
499.70, [INFO], turtlebot1, {"battery-level": "90.72%"}
514.68, [INFO], turtlebot1, {"y": "13.39", "x": "-25.87", "yaw": "1.70"}
514.68, [INFO], turtlebot1, {"y": "13.39", "x": "-25.87", "yaw": "1.70"}
514.70, [INFO], turtlebot1, {"battery-level": "90.42%"}
514.70, [INFO], turtlebot1, {"battery-level": "90.42%"}
529.68, [INFO], turtlebot1, {"y": "13.39", "x": "-25.86", "yaw": "1.72"}
529.68, [INFO], turtlebot1, {"y": "13.39", "x": "-25.86", "yaw": "1.72"}
529.70, [INFO], turtlebot1, {"battery-level": "90.14%"}
529.70, [INFO], turtlebot1, {"battery-level": "90.14%"}
544.68, [INFO], turtlebot1, {"y": "13.39", "x": "-25.86", "yaw": "1.74"}
544.68, [INFO], turtlebot1, {"y": "13.39", "x": "-25.86", "yaw": "1.74"}
544.70, [INFO], turtlebot1, {"battery-level": "89.84%"}
544.70, [INFO], turtlebot1, {"battery-level": "89.84%"}
552.40, [DEBUG], turtlebot1, {"param_list": ["Laboratory", [[-18.0, 16.0, 3.141592653589793, true], [-26.0, 16.0, -1.5707963267948966, true], [-26.0, 13.0, 1.57, false]]], "skill": "navigation", "skill-life-cycle": "RUNNING", "label": "navigation"}
559.68, [INFO], turtlebot1, {"y": "13.39", "x": "-25.85", "yaw": "1.76"}
559.68, [INFO], turtlebot1, {"y": "13.39", "x": "-25.85", "yaw": "1.76"}
559.70, [INFO], turtlebot1, {"battery-level": "89.54%"}
559.70, [INFO], turtlebot1, {"battery-level": "89.54%"}
574.68, [INFO], turtlebot1, {"y": "13.39", "x": "-25.85", "yaw": "1.77"}
574.68, [INFO], turtlebot1, {"y": "13.39", "x": "-25.85", "yaw": "1.77"}
574.70, [INFO], turtlebot1, {"battery-level": "89.22%"}
574.70, [INFO], turtlebot1, {"battery-level": "89.22%"}
589.68, [INFO], turtlebot1, {"y": "13.39", "x": "-25.84", "yaw": "1.79"}
589.68, [INFO], turtlebot1, {"y": "13.39", "x": "-25.84", "yaw": "1.79"}
589.70, [INFO], turtlebot1, {"battery-level": "88.92%"}
589.70, [INFO], turtlebot1, {"battery-level": "88.92%"}
604.68, [INFO], turtlebot1, {"y": "13.39", "x": "-25.84", "yaw": "1.80"}
604.68, [INFO], turtlebot1, {"y": "13.39", "x": "-25.84", "yaw": "1.80"}
604.70, [INFO], turtlebot1, {"battery-level": "88.62%"}
604.70, [INFO], turtlebot1, {"battery-level": "88.62%"}
619.68, [INFO], turtlebot1, {"y": "13.39", "x": "-25.83", "yaw": "1.81"}
619.68, [INFO], turtlebot1, {"y": "13.39", "x": "-25.83", "yaw": "1.81"}
619.70, [INFO], turtlebot1, {"battery-level": "88.32%"}
619.70, [INFO], turtlebot1, {"battery-level": "88.32%"}
627.87, [DEBUG], turtlebot1, {"param_list": ["Laboratory", [[-18.0, 16.0, 3.141592653589793, true], [-26.0, 16.0, -1.5707963267948966, true], [-26.0, 13.0, 1.57, false]]], "skill": "navigation", "skill-life-cycle": "RUNNING", "label": "navigation"}
634.68, [INFO], turtlebot1, {"y": "13.39", "x": "-25.83", "yaw": "1.81"}
634.68, [INFO], turtlebot1, {"y": "13.39", "x": "-25.83", "yaw": "1.81"}
634.70, [INFO], turtlebot1, {"battery-level": "88.04%"}
634.70, [INFO], turtlebot1, {"battery-level": "88.04%"}
649.70, [INFO], turtlebot1, {"y": "13.39", "x": "-25.83", "yaw": "1.82"}
649.70, [INFO], turtlebot1, {"y": "13.39", "x": "-25.83", "yaw": "1.82"}
649.72, [INFO], turtlebot1, {"battery-level": "87.72%"}
649.72, [INFO], turtlebot1, {"battery-level": "87.72%"}
664.68, [INFO], turtlebot1, {"y": "13.39", "x": "-25.82", "yaw": "1.83"}
664.68, [INFO], turtlebot1, {"y": "13.39", "x": "-25.82", "yaw": "1.83"}
664.70, [INFO], turtlebot1, {"battery-level": "87.44%"}
664.70, [INFO], turtlebot1, {"battery-level": "87.44%"}
679.70, [INFO], turtlebot1, {"y": "13.39", "x": "-25.82", "yaw": "1.84"}
679.70, [INFO], turtlebot1, {"y": "13.39", "x": "-25.82", "yaw": "1.84"}
679.72, [INFO], turtlebot1, {"battery-level": "87.14%"}
679.72, [INFO], turtlebot1, {"battery-level": "87.14%"}
694.68, [INFO], turtlebot1, {"y": "13.39", "x": "-25.82", "yaw": "1.85"}
694.68, [INFO], turtlebot1, {"y": "13.39", "x": "-25.82", "yaw": "1.85"}
694.70, [INFO], turtlebot1, {"battery-level": "86.84%"}
694.70, [INFO], turtlebot1, {"battery-level": "86.84%"}
700.73, [DEBUG], turtlebot1, {"param_list": ["Laboratory", [[-18.0, 16.0, 3.141592653589793, true], [-26.0, 16.0, -1.5707963267948966, true], [-26.0, 13.0, 1.57, false]]], "skill": "navigation", "skill-life-cycle": "RUNNING", "label": "navigation"}
709.68, [INFO], turtlebot1, {"y": "13.39", "x": "-25.81", "yaw": "1.86"}
709.70, [INFO], turtlebot1, {"y": "13.39", "x": "-25.81", "yaw": "1.86"}
709.70, [INFO], turtlebot1, {"battery-level": "86.54%"}
709.70, [INFO], turtlebot1, {"battery-level": "86.54%"}
724.68, [INFO], turtlebot1, {"y": "13.39", "x": "-25.81", "yaw": "1.86"}
724.68, [INFO], turtlebot1, {"y": "13.39", "x": "-25.81", "yaw": "1.86"}
724.70, [INFO], turtlebot1, {"battery-level": "86.24%"}
724.70, [INFO], turtlebot1, {"battery-level": "86.24%"}
739.68, [INFO], turtlebot1, {"y": "13.39", "x": "-25.80", "yaw": "1.86"}
739.68, [INFO], turtlebot1, {"y": "13.39", "x": "-25.80", "yaw": "1.86"}
739.70, [INFO], turtlebot1, {"battery-level": "85.92%"}
739.70, [INFO], turtlebot1, {"battery-level": "85.92%"}
754.68, [INFO], turtlebot1, {"y": "13.39", "x": "-25.80", "yaw": "1.86"}
754.68, [INFO], turtlebot1, {"y": "13.39", "x": "-25.80", "yaw": "1.86"}
754.70, [INFO], turtlebot1, {"battery-level": "85.64%"}
754.70, [INFO], turtlebot1, {"battery-level": "85.64%"}
769.68, [INFO], turtlebot1, {"y": "13.39", "x": "-25.80", "yaw": "1.86"}
769.68, [INFO], turtlebot1, {"y": "13.39", "x": "-25.80", "yaw": "1.86"}
769.70, [INFO], turtlebot1, {"battery-level": "85.34%"}
769.70, [INFO], turtlebot1, {"battery-level": "85.34%"}
775.53, [DEBUG], turtlebot1, {"param_list": ["Laboratory", [[-18.0, 16.0, 3.141592653589793, true], [-26.0, 16.0, -1.5707963267948966, true], [-26.0, 13.0, 1.57, false]]], "skill": "navigation", "skill-life-cycle": "RUNNING", "label": "navigation"}
784.68, [INFO], turtlebot1, {"y": "13.39", "x": "-25.79", "yaw": "1.86"}
784.68, [INFO], turtlebot1, {"y": "13.39", "x": "-25.79", "yaw": "1.86"}
784.70, [INFO], turtlebot1, {"battery-level": "85.04%"}
784.70, [INFO], turtlebot1, {"battery-level": "85.04%"}
799.68, [INFO], turtlebot1, {"y": "13.39", "x": "-25.79", "yaw": "1.86"}
799.68, [INFO], turtlebot1, {"y": "13.39", "x": "-25.79", "yaw": "1.86"}
799.70, [INFO], turtlebot1, {"battery-level": "84.74%"}
799.70, [INFO], turtlebot1, {"battery-level": "84.74%"}
814.68, [INFO], turtlebot1, {"y": "13.39", "x": "-25.79", "yaw": "1.86"}
814.70, [INFO], turtlebot1, {"battery-level": "84.44%"}
814.70, [INFO], turtlebot1, {"y": "13.39", "x": "-25.79", "yaw": "1.86"}
814.72, [INFO], turtlebot1, {"battery-level": "84.44%"}
829.68, [INFO], turtlebot1, {"y": "13.39", "x": "-25.78", "yaw": "1.86"}
829.68, [INFO], turtlebot1, {"y": "13.39", "x": "-25.78", "yaw": "1.86"}
829.70, [INFO], turtlebot1, {"battery-level": "84.12%"}
829.70, [INFO], turtlebot1, {"battery-level": "84.12%"}
844.68, [INFO], turtlebot1, {"y": "13.39", "x": "-25.78", "yaw": "1.86"}
844.68, [INFO], turtlebot1, {"y": "13.39", "x": "-25.78", "yaw": "1.86"}
844.70, [INFO], turtlebot1, {"battery-level": "83.84%"}
844.70, [INFO], turtlebot1, {"battery-level": "83.84%"}
857.40, [DEBUG], turtlebot1, {"param_list": ["Laboratory", [[-18.0, 16.0, 3.141592653589793, true], [-26.0, 16.0, -1.5707963267948966, true], [-26.0, 13.0, 1.57, false]]], "skill": "navigation", "skill-life-cycle": "RUNNING", "label": "navigation"}
859.68, [INFO], turtlebot1, {"y": "13.39", "x": "-25.78", "yaw": "1.86"}
859.68, [INFO], turtlebot1, {"y": "13.39", "x": "-25.78", "yaw": "1.86"}
859.70, [INFO], turtlebot1, {"battery-level": "83.52%"}
859.70, [INFO], turtlebot1, {"battery-level": "83.52%"}
874.68, [INFO], turtlebot1, {"y": "13.39", "x": "-25.77", "yaw": "1.86"}
874.68, [INFO], turtlebot1, {"y": "13.39", "x": "-25.77", "yaw": "1.86"}
874.70, [INFO], turtlebot1, {"battery-level": "83.22%"}
874.70, [INFO], turtlebot1, {"battery-level": "83.22%"}
889.68, [INFO], turtlebot1, {"y": "13.39", "x": "-25.77", "yaw": "1.85"}
889.68, [INFO], turtlebot1, {"y": "13.39", "x": "-25.77", "yaw": "1.85"}
889.70, [INFO], turtlebot1, {"battery-level": "82.92%"}
889.70, [INFO], turtlebot1, {"battery-level": "82.92%"}
904.68, [INFO], turtlebot1, {"y": "13.39", "x": "-25.77", "yaw": "1.85"}
904.68, [INFO], turtlebot1, {"y": "13.39", "x": "-25.77", "yaw": "1.85"}
904.70, [INFO], turtlebot1, {"battery-level": "82.64%"}
904.70, [INFO], turtlebot1, {"battery-level": "82.64%"}
919.68, [INFO], turtlebot1, {"y": "13.39", "x": "-25.76", "yaw": "1.85"}
919.68, [INFO], turtlebot1, {"y": "13.39", "x": "-25.76", "yaw": "1.85"}
919.70, [INFO], turtlebot1, {"battery-level": "82.32%"}
919.70, [INFO], turtlebot1, {"battery-level": "82.32%"}
934.68, [INFO], turtlebot1, {"y": "13.39", "x": "-25.76", "yaw": "1.84"}
934.68, [INFO], turtlebot1, {"y": "13.39", "x": "-25.76", "yaw": "1.84"}
934.70, [INFO], turtlebot1, {"battery-level": "82.02%"}
934.70, [INFO], turtlebot1, {"battery-level": "82.02%"}
940.87, [DEBUG], turtlebot1, {"param_list": ["Laboratory", [[-18.0, 16.0, 3.141592653589793, true], [-26.0, 16.0, -1.5707963267948966, true], [-26.0, 13.0, 1.57, false]]], "skill": "navigation", "skill-life-cycle": "RUNNING", "label": "navigation"}
949.68, [INFO], turtlebot1, {"y": "13.39", "x": "-25.76", "yaw": "1.84"}
949.70, [INFO], turtlebot1, {"battery-level": "81.74%"}
949.77, [INFO], turtlebot1, {"y": "13.39", "x": "-25.76", "yaw": "1.84"}
949.77, [INFO], turtlebot1, {"battery-level": "81.74%"}
964.68, [INFO], turtlebot1, {"y": "13.39", "x": "-25.75", "yaw": "1.83"}
964.68, [INFO], turtlebot1, {"y": "13.39", "x": "-25.75", "yaw": "1.83"}
964.70, [INFO], turtlebot1, {"battery-level": "81.44%"}
964.70, [INFO], turtlebot1, {"battery-level": "81.44%"}
979.68, [INFO], turtlebot1, {"y": "13.39", "x": "-25.75", "yaw": "1.84"}
979.68, [INFO], turtlebot1, {"y": "13.39", "x": "-25.75", "yaw": "1.84"}
979.70, [INFO], turtlebot1, {"battery-level": "81.12%"}
979.70, [INFO], turtlebot1, {"battery-level": "81.12%"}
994.68, [INFO], turtlebot1, {"y": "13.39", "x": "-25.74", "yaw": "1.83"}
994.68, [INFO], turtlebot1, {"y": "13.39", "x": "-25.74", "yaw": "1.83"}
994.70, [INFO], turtlebot1, {"battery-level": "80.84%"}
994.70, [INFO], turtlebot1, {"battery-level": "80.84%"}
1009.68, [INFO], turtlebot1, {"y": "13.39", "x": "-25.74", "yaw": "1.84"}
1009.68, [INFO], turtlebot1, {"y": "13.39", "x": "-25.74", "yaw": "1.84"}
1009.70, [INFO], turtlebot1, {"battery-level": "80.54%"}
1009.70, [INFO], turtlebot1, {"battery-level": "80.54%"}
1024.65, [DEBUG], turtlebot1, {"param_list": ["Laboratory", [[-18.0, 16.0, 3.141592653589793, true], [-26.0, 16.0, -1.5707963267948966, true], [-26.0, 13.0, 1.57, false]]], "skill": "navigation", "skill-life-cycle": "RUNNING", "label": "navigation"}
1024.68, [INFO], turtlebot1, {"y": "13.39", "x": "-25.74", "yaw": "1.85"}
1024.68, [INFO], turtlebot1, {"y": "13.39", "x": "-25.74", "yaw": "1.85"}
1024.70, [INFO], turtlebot1, {"battery-level": "80.22%"}
1024.70, [INFO], turtlebot1, {"battery-level": "80.22%"}
1039.68, [INFO], turtlebot1, {"y": "13.39", "x": "-25.73", "yaw": "1.85"}
1039.70, [INFO], turtlebot1, {"y": "13.39", "x": "-25.73", "yaw": "1.85"}
1039.70, [INFO], turtlebot1, {"battery-level": "79.94%"}
1039.70, [INFO], turtlebot1, {"battery-level": "79.94%"}
1054.68, [INFO], turtlebot1, {"y": "13.39", "x": "-25.73", "yaw": "1.85"}
1054.68, [INFO], turtlebot1, {"y": "13.39", "x": "-25.73", "yaw": "1.85"}
1054.70, [INFO], turtlebot1, {"battery-level": "79.64%"}
1054.70, [INFO], turtlebot1, {"battery-level": "79.64%"}
1069.68, [INFO], turtlebot1, {"y": "13.39", "x": "-25.73", "yaw": "1.86"}
1069.68, [INFO], turtlebot1, {"y": "13.39", "x": "-25.73", "yaw": "1.86"}
1069.70, [INFO], turtlebot1, {"battery-level": "79.34%"}
1069.70, [INFO], turtlebot1, {"battery-level": "79.34%"}
1084.68, [INFO], turtlebot1, {"y": "13.39", "x": "-25.72", "yaw": "1.86"}
1084.68, [INFO], turtlebot1, {"y": "13.39", "x": "-25.72", "yaw": "1.86"}
1084.70, [INFO], turtlebot1, {"battery-level": "79.04%"}
1084.70, [INFO], turtlebot1, {"battery-level": "79.04%"}
1099.68, [INFO], turtlebot1, {"y": "13.39", "x": "-25.72", "yaw": "1.86"}
1099.68, [INFO], turtlebot1, {"y": "13.39", "x": "-25.72", "yaw": "1.86"}
1099.70, [INFO], turtlebot1, {"battery-level": "78.72%"}
1099.70, [INFO], turtlebot1, {"battery-level": "78.72%"}
1108.20, [DEBUG], turtlebot1, {"param_list": ["Laboratory", [[-18.0, 16.0, 3.141592653589793, true], [-26.0, 16.0, -1.5707963267948966, true], [-26.0, 13.0, 1.57, false]]], "skill": "navigation", "skill-life-cycle": "RUNNING", "label": "navigation"}
1114.68, [INFO], turtlebot1, {"y": "13.39", "x": "-25.71", "yaw": "1.86"}
1114.68, [INFO], turtlebot1, {"y": "13.39", "x": "-25.71", "yaw": "1.86"}
1114.70, [INFO], turtlebot1, {"battery-level": "78.44%"}
1114.70, [INFO], turtlebot1, {"battery-level": "78.44%"}
1129.68, [INFO], turtlebot1, {"y": "13.39", "x": "-25.71", "yaw": "1.85"}
1129.68, [INFO], turtlebot1, {"y": "13.39", "x": "-25.71", "yaw": "1.85"}
1129.70, [INFO], turtlebot1, {"battery-level": "78.12%"}
1129.70, [INFO], turtlebot1, {"battery-level": "78.12%"}
1144.68, [INFO], turtlebot1, {"y": "13.39", "x": "-25.71", "yaw": "1.85"}
1144.70, [INFO], turtlebot1, {"y": "13.39", "x": "-25.71", "yaw": "1.85"}
1144.70, [INFO], turtlebot1, {"battery-level": "77.82%"}
1144.70, [INFO], turtlebot1, {"battery-level": "77.82%"}
1149.62, [DEBUG], turtlebot1, {"status": "way-point-reached", "skill": "navigation", "percentage": "100.00%", "goingto": "Laboratory"}
1149.72, [DEBUG], turtlebot1, {"param_list": ["Laboratory", [[-18.0, 16.0, 3.141592653589793, true], [-26.0, 16.0, -1.5707963267948966, true], [-26.0, 13.0, 1.57, false]]], "skill": "navigation", "skill-life-cycle": "SUCCESS", "label": "navigation"}
1149.72, [DEBUG], turtlebot1, "available-skills=['send_message', 'wait_message', 'approach_person', 'approach_robot', 'authenticate_person', 'deposit', 'navigation', 'operate_drawer', 'pick_up']"
1149.72, [DEBUG], turtlebot1, {"param_list": ["lab_arm"], "skill": "approach_robot", "skill-life-cycle": "STARTED", "label": "approach_robot"}
1149.80, [DEBUG], turtlebot1, {"status": "localize-robot", "skill": "=approach-robot", "who": "lab_arm"}
1150.90, [DEBUG], turtlebot1, {"status": "goto-robot", "skill": "approach-robot", "who": "lab_arm"}
1151.00, [DEBUG], turtlebot1, {"param_list": ["lab_arm"], "skill": "approach_robot", "skill-life-cycle": "SUCCESS", "label": "approach_robot"}
1151.02, [DEBUG], turtlebot1, "available-skills=['send_message', 'wait_message', 'approach_person', 'approach_robot', 'authenticate_person', 'deposit', 'navigation', 'operate_drawer', 'pick_up']"
1151.02, [DEBUG], turtlebot1, {"param_list": ["open"], "skill": "operate_drawer", "skill-life-cycle": "STARTED", "label": "operate_drawer-open"}
1151.05, [DEBUG], turtlebot1, {"status": "task-update", "action": "open", "skill": "operate-drawer"}
1152.13, [DEBUG], turtlebot1, {"param_list": ["open"], "skill": "operate_drawer", "skill-life-cycle": "SUCCESS", "label": "operate_drawer-open"}
1152.13, [DEBUG], turtlebot1, "available-skills=['send_message', 'wait_message', 'approach_person', 'approach_robot', 'authenticate_person', 'deposit', 'navigation', 'operate_drawer', 'pick_up']"
1152.15, [DEBUG], turtlebot1, {"param_list": ["lab_arm"], "skill": "send_message", "skill-life-cycle": "STARTED", "label": "notify_lab_arm_of_operate_drawer-open_completed"}
1152.23, [INFO], turtlebot1, {"to": "lab_arm", "skill": "send-message"}
1153.30, [INFO], lab_arm, {"status": "sample-received", "skill": "wait-sample"}
1153.30, [INFO], nurse, {"status": "sample-received", "skill": "wait-sample"}
1153.30, [INFO], lab_arm, {"status": "sample-received", "skill": "wait-sample"}
1153.32, [INFO], nurse, {"status": "sample-received", "skill": "wait-sample"}
1153.32, [DEBUG], None, end!
1153.32, [DEBUG], None, ENDSIM
